<?xml version="1.0" encoding="UTF-8"?>
<!-- Generated by org.testng.reporters.JUnitXMLReporter -->
<testsuite hostname="mayank90221" ignored="0" name="Command line test" tests="3" failures="0" timestamp="27 Aug 2018 12:29:01 GMT" time="14.274" errors="0">
  <testcase name="launchBrowser" time="5.481" classname="com.crawl.test.FindJobsTest"/>
  <testcase name="addKeywordsAndSearch" time="5.858" classname="com.crawl.test.FindJobsTest"/>
  <testcase name="findAllLinks" time="2.804" classname="com.crawl.test.FindJobsTest"/>
</testsuite> <!-- Command line test -->
