<?xml version="1.0" encoding="UTF-8"?>
<testng-results skipped="0" failed="0" ignored="0" total="3" passed="3">
  <reporter-output>
  </reporter-output>
  <suite name="Command line suite" duration-ms="14274" started-at="2018-08-27T12:28:47Z" finished-at="2018-08-27T12:29:01Z">
    <groups>
    </groups>
    <test name="Command line test" duration-ms="14274" started-at="2018-08-27T12:28:47Z" finished-at="2018-08-27T12:29:01Z">
      <class name="com.crawl.test.FindJobsTest">
        <test-method status="PASS" signature="globalSetup()[pri:0, instance:com.crawl.test.FindJobsTest@4eb7f003]" name="globalSetup" is-config="true" duration-ms="2795" started-at="2018-08-27T12:28:44Z" finished-at="2018-08-27T12:28:47Z">
          <reporter-output>
          </reporter-output>
        </test-method> <!-- globalSetup -->
        <test-method status="PASS" signature="setUp()[pri:0, instance:com.crawl.test.FindJobsTest@4eb7f003]" name="setUp" is-config="true" duration-ms="101" started-at="2018-08-27T12:28:47Z" finished-at="2018-08-27T12:28:47Z">
          <reporter-output>
          </reporter-output>
        </test-method> <!-- setUp -->
        <test-method status="PASS" signature="launchBrowser()[pri:0, instance:com.crawl.test.FindJobsTest@4eb7f003]" name="launchBrowser" duration-ms="5481" started-at="2018-08-27T12:28:47Z" finished-at="2018-08-27T12:28:52Z">
          <reporter-output>
          </reporter-output>
        </test-method> <!-- launchBrowser -->
        <test-method status="PASS" signature="addKeywordsAndSearch()[pri:0, instance:com.crawl.test.FindJobsTest@4eb7f003]" name="addKeywordsAndSearch" duration-ms="5858" started-at="2018-08-27T12:28:52Z" depends-on-methods="com.crawl.test.FindJobsTest.launchBrowser" finished-at="2018-08-27T12:28:58Z">
          <reporter-output>
          </reporter-output>
        </test-method> <!-- addKeywordsAndSearch -->
        <test-method status="PASS" signature="findAllLinks()[pri:0, instance:com.crawl.test.FindJobsTest@4eb7f003]" name="findAllLinks" duration-ms="2804" started-at="2018-08-27T12:28:58Z" depends-on-methods="com.crawl.test.FindJobsTest.addKeywordsAndSearch" finished-at="2018-08-27T12:29:01Z">
          <reporter-output>
          </reporter-output>
        </test-method> <!-- findAllLinks -->
        <test-method status="PASS" signature="tearDown()[pri:0, instance:com.crawl.test.FindJobsTest@4eb7f003]" name="tearDown" is-config="true" duration-ms="0" started-at="2018-08-27T12:29:01Z" finished-at="2018-08-27T12:29:01Z">
          <reporter-output>
          </reporter-output>
        </test-method> <!-- tearDown -->
        <test-method status="PASS" signature="globalTearDown()[pri:0, instance:com.crawl.test.FindJobsTest@4eb7f003]" name="globalTearDown" is-config="true" duration-ms="2175" started-at="2018-08-27T12:29:01Z" finished-at="2018-08-27T12:29:03Z">
          <reporter-output>
          </reporter-output>
        </test-method> <!-- globalTearDown -->
      </class> <!-- com.crawl.test.FindJobsTest -->
    </test> <!-- Command line test -->
  </suite> <!-- Command line suite -->
</testng-results>
